<?xml version="1.0" encoding="UTF-8"?>
<testsuite name="com.traveler.core.common.time.GeoTimezoneEngineTest" tests="4" skipped="0" failures="0" errors="0" timestamp="2026-08-24T20:15:54" hostname="DESKTOP-KCRJAHI" time="0.092">
  <properties/>
  <testcase name="testRequiredTimezoneMatrix_PrimaryCities" classname="com.traveler.core.common.time.GeoTimezoneEngineTest" time="0.05"/>
  <testcase name="testBoundedLruCache_RepeatedLookupsFast" classname="com.traveler.core.common.time.GeoTimezoneEngineTest" time="0.0"/>
  <testcase name="testWorldwideRegions_AfricaAmericasPacificEurope" classname="com.traveler.core.common.time.GeoTimezoneEngineTest" time="0.034"/>
  <testcase name="testNullAndMaritimeLocations_TruthfulFallback" classname="com.traveler.core.common.time.GeoTimezoneEngineTest" time="0.006"/>
  <system-out><![CDATA[]]></system-out>
  <system-err><![CDATA[]]></system-err>
</testsuite>
