<?xml version="1.0" encoding="UTF-8"?>
<testsuite name="com.traveler.feature.map.renderer.ExactLargePhotoVisitStoryTest" tests="1" skipped="0" failures="0" errors="0" timestamp="2026-08-24T20:16:13" hostname="DESKTOP-KCRJAHI" time="0.038">
  <properties/>
  <testcase name="test100PhotoVisits_CompressesToBoundedNodesAndTargetDuration" classname="com.traveler.feature.map.renderer.ExactLargePhotoVisitStoryTest" time="0.038"/>
  <system-out><![CDATA[]]></system-out>
  <system-err><![CDATA[]]></system-err>
</testsuite>
