<?xml version="1.0" encoding="UTF-8"?>
<testsuite name="com.traveler.core.media.ContextualPhotoTimeTest" tests="3" skipped="0" failures="0" errors="0" timestamp="2026-08-24T20:16:03" hostname="DESKTOP-KCRJAHI" time="1.747">
  <properties/>
  <testcase name="testUnknownWallClockWithoutContext_ReturnsUnknownAndNullTimestamp" classname="com.traveler.core.media.ContextualPhotoTimeTest" time="0.001"/>
  <testcase name="testContextualTimezoneResolution_ResolvesSeoulPhotoWhenDeviceIsInNewYork" classname="com.traveler.core.media.ContextualPhotoTimeTest" time="1.745"/>
  <testcase name="testValidAbsoluteMediaStoreDateTaken_IsNotOverriddenBySpeculativeConversion" classname="com.traveler.core.media.ContextualPhotoTimeTest" time="0.001"/>
  <system-out><![CDATA[]]></system-out>
  <system-err><![CDATA[]]></system-err>
</testsuite>
