<?xml version="1.0" encoding="UTF-8"?>
<testsuite name="com.traveler.core.media.GpsExactTemporalMatchingTest" tests="3" skipped="0" failures="0" errors="0" timestamp="2026-08-24T20:16:05" hostname="DESKTOP-KCRJAHI" time="0.005">
  <properties/>
  <testcase name="testP0_03A_RepeatedVisit_MatchesDay5Visit_NotDay1Visit" classname="com.traveler.core.media.GpsExactTemporalMatchingTest" time="0.002"/>
  <testcase name="testP0_03_TimestampedGpsPhoto_FarFromAnyActiveItem_DoesNotMatchHistoricalVisit" classname="com.traveler.core.media.GpsExactTemporalMatchingTest" time="0.002"/>
  <testcase name="testP0_03_Day5DrivingPastDay1Hotel_MatchesDay5Movement_NotDay1Visit" classname="com.traveler.core.media.GpsExactTemporalMatchingTest" time="0.001"/>
  <system-out><![CDATA[]]></system-out>
  <system-err><![CDATA[]]></system-err>
</testsuite>
