<?xml version="1.0" encoding="UTF-8"?>
<testsuite name="com.traveler.core.common.geo.PlaceSemanticsNormalizationTest" tests="6" skipped="0" failures="0" errors="0" timestamp="2026-08-24T20:15:50" hostname="DESKTOP-KCRJAHI" time="0.003">
  <properties/>
  <testcase name="inferredWork_normalizesToWorkWithNearestCity" classname="com.traveler.core.common.geo.PlaceSemanticsNormalizationTest" time="0.001"/>
  <testcase name="validPlaceName_isPreserved" classname="com.traveler.core.common.geo.PlaceSemanticsNormalizationTest" time="0.0"/>
  <testcase name="rawUnknown_fallsBackToStopNearCity" classname="com.traveler.core.common.geo.PlaceSemanticsNormalizationTest" time="0.0"/>
  <testcase name="inferredHome_normalizesToHomeWithNearestCity" classname="com.traveler.core.common.geo.PlaceSemanticsNormalizationTest" time="0.0"/>
  <testcase name="rawUnknown_withoutNearbyCity_fallsBackToUnlabeledStop" classname="com.traveler.core.common.geo.PlaceSemanticsNormalizationTest" time="0.001"/>
  <testcase name="nullPlaceName_usesAddressFallbackIfAvailable" classname="com.traveler.core.common.geo.PlaceSemanticsNormalizationTest" time="0.0"/>
  <system-out><![CDATA[]]></system-out>
  <system-err><![CDATA[]]></system-err>
</testsuite>
