<?xml version="1.0" encoding="UTF-8"?>
<testsuite name="com.traveler.core.media.MediaFilteringRelevanceTest" tests="6" skipped="0" failures="0" errors="0" timestamp="2026-08-24T20:16:05" hostname="DESKTOP-KCRJAHI" time="0.004">
  <properties/>
  <testcase name="screenshotWithTripDates_isClassifiedScreenshot_andExcluded" classname="com.traveler.core.media.MediaFilteringRelevanceTest" time="0.002"/>
  <testcase name="downloadedOriginalPhotoWithFullExifAndGps_isClassifiedStrongCapture" classname="com.traveler.core.media.MediaFilteringRelevanceTest" time="0.0"/>
  <testcase name="downloadedImageWithDateAddedOnly_isClassifiedDownloadedOrExternal_andExcluded" classname="com.traveler.core.media.MediaFilteringRelevanceTest" time="0.0"/>
  <testcase name="cameraPhotoWithExif_isClassifiedStrongCapture" classname="com.traveler.core.media.MediaFilteringRelevanceTest" time="0.0"/>
  <testcase name="messagingAppSavedImage_isClassifiedDownloadedOrExternal_andExcluded" classname="com.traveler.core.media.MediaFilteringRelevanceTest" time="0.0"/>
  <testcase name="cameraPhotoWithDateTakenMissing_butValidExif_isClassifiedStrongCapture" classname="com.traveler.core.media.MediaFilteringRelevanceTest" time="0.0"/>
  <system-out><![CDATA[]]></system-out>
  <system-err><![CDATA[]]></system-err>
</testsuite>
