<?xml version="1.0" encoding="UTF-8"?>
<testsuite name="com.traveler.core.timeline.GoogleTimelineJsonParserTest" tests="2" skipped="0" failures="0" errors="0" timestamp="2026-08-24T20:16:06" hostname="DESKTOP-KCRJAHI" time="0.007">
  <properties/>
  <testcase name="testParseLegacyTimelineObjects" classname="com.traveler.core.timeline.GoogleTimelineJsonParserTest" time="0.003"/>
  <testcase name="testParseSemanticSegments" classname="com.traveler.core.timeline.GoogleTimelineJsonParserTest" time="0.004"/>
  <system-out><![CDATA[]]></system-out>
  <system-err><![CDATA[]]></system-err>
</testsuite>
