<?xml version="1.0" encoding="UTF-8"?>
<testsuite name="com.traveler.feature.map.renderer.HumanReadablePlaybackDurationTest" tests="2" skipped="0" failures="0" errors="0" timestamp="2026-08-24T20:16:13" hostname="DESKTOP-KCRJAHI" time="0.113">
  <properties/>
  <testcase name="multiDayTrip_scalesToHumanReadableDurationBetween90And150Seconds" classname="com.traveler.feature.map.renderer.HumanReadablePlaybackDurationTest" time="0.094"/>
  <testcase name="minimumNodeDurations_enforced" classname="com.traveler.feature.map.renderer.HumanReadablePlaybackDurationTest" time="0.019"/>
  <system-out><![CDATA[]]></system-out>
  <system-err><![CDATA[]]></system-err>
</testsuite>
