<?xml version="1.0" encoding="UTF-8"?>
<testsuite name="com.traveler.core.media.AbsoluteDateTakenUnknownZoneTest" tests="1" skipped="0" failures="0" errors="0" timestamp="2026-08-24T20:16:03" hostname="DESKTOP-KCRJAHI" time="0.187">
  <properties/>
  <testcase name="absoluteDateTaken_preservesTimestampAndNullZone_withConsensusDayAssignment" classname="com.traveler.core.media.AbsoluteDateTakenUnknownZoneTest" time="0.187"/>
  <system-out><![CDATA[]]></system-out>
  <system-err><![CDATA[]]></system-err>
</testsuite>
