<?xml version="1.0" encoding="UTF-8"?>
<testsuite name="com.traveler.core.common.time.TimeUtilsParseToInstantTest" tests="2" skipped="0" failures="0" errors="0" timestamp="2026-08-24T20:15:54" hostname="DESKTOP-KCRJAHI" time="0.008">
  <properties/>
  <testcase name="parseToInstant_timezoneLessWallClockStrings_returnNull" classname="com.traveler.core.common.time.TimeUtilsParseToInstantTest" time="0.007"/>
  <testcase name="parseToInstant_validExplicitTimestamps_succeed" classname="com.traveler.core.common.time.TimeUtilsParseToInstantTest" time="0.001"/>
  <system-out><![CDATA[]]></system-out>
  <system-err><![CDATA[]]></system-err>
</testsuite>
