<?xml version="1.0" encoding="UTF-8"?>
<testsuite name="com.traveler.feature.map.renderer.TravelViewportCalculatorTest" tests="2" skipped="0" failures="0" errors="0" timestamp="2026-08-24T20:16:15" hostname="DESKTOP-KCRJAHI" time="0.001">
  <properties/>
  <testcase name="preservesCanvasAspectRatio_preventsStretching" classname="com.traveler.feature.map.renderer.TravelViewportCalculatorTest" time="0.001"/>
  <testcase name="tokyoToSanFrancisco_framesShortPacificSpan" classname="com.traveler.feature.map.renderer.TravelViewportCalculatorTest" time="0.0"/>
  <system-out><![CDATA[]]></system-out>
  <system-err><![CDATA[]]></system-err>
</testsuite>
