<?xml version="1.0" encoding="UTF-8"?>
<testsuite name="com.traveler.core.timeline.SelectedDateRangeContractTest" tests="3" skipped="0" failures="0" errors="0" timestamp="2026-08-24T20:16:07" hostname="DESKTOP-KCRJAHI" time="0.002">
  <properties/>
  <testcase name="testReconstructDays_Utc14AndUtcMinus12Boundaries" classname="com.traveler.core.timeline.SelectedDateRangeContractTest" time="0.001"/>
  <testcase name="testReconstructDays_HandlesCrossMidnightFlightAcrossTimezones" classname="com.traveler.core.timeline.SelectedDateRangeContractTest" time="0.001"/>
  <testcase name="testReconstructDays_ExcludesMediaOutsideRequestedDateRange" classname="com.traveler.core.timeline.SelectedDateRangeContractTest" time="0.0"/>
  <system-out><![CDATA[]]></system-out>
  <system-err><![CDATA[]]></system-err>
</testsuite>
