<?xml version="1.0" encoding="UTF-8"?>
<testsuite name="com.traveler.domain.usecase.MediaDayStabilityTest" tests="1" skipped="0" failures="0" errors="0" timestamp="2026-08-24T20:16:09" hostname="DESKTOP-KCRJAHI" time="0.123">
  <properties/>
  <testcase name="unassignedMediaWithGpsLessTimestamp_retainsExactCalendarDayAcrossRoomReload" classname="com.traveler.domain.usecase.MediaDayStabilityTest" time="0.123"/>
  <system-out><![CDATA[]]></system-out>
  <system-err><![CDATA[]]></system-err>
</testsuite>
