<?xml version="1.0" encoding="UTF-8"?>
<testsuite name="com.traveler.core.common.time.GeoTimezoneEngineConcurrencyTest" tests="1" skipped="0" failures="0" errors="0" timestamp="2026-08-24T20:15:51" hostname="DESKTOP-KCRJAHI" time="3.4">
  <properties/>
  <testcase name="singleFlightInitialization_concurrentCallers_onlyInitializesOnce" classname="com.traveler.core.common.time.GeoTimezoneEngineConcurrencyTest" time="3.4"/>
  <system-out><![CDATA[]]></system-out>
  <system-err><![CDATA[SLF4J: Failed to load class "org.slf4j.impl.StaticLoggerBinder".
SLF4J: Defaulting to no-operation (NOP) logger implementation
SLF4J: See http://www.slf4j.org/codes.html#StaticLoggerBinder for further details.
]]></system-err>
</testsuite>
