<?xml version="1.0" encoding="UTF-8"?>
<testsuite name="com.traveler.feature.map.renderer.ObservedFlightGeometryProvenanceTest" tests="1" skipped="0" failures="0" errors="0" timestamp="2026-08-24T20:16:13" hostname="DESKTOP-KCRJAHI" time="0.696">
  <properties/>
  <testcase name="testObservedFlight_HasSolidEstimatedFalse_EstimatedFlightHasEstimatedTrue" classname="com.traveler.feature.map.renderer.ObservedFlightGeometryProvenanceTest" time="0.696"/>
  <system-out><![CDATA[]]></system-out>
  <system-err><![CDATA[]]></system-err>
</testsuite>
