<?xml version="1.0" encoding="UTF-8"?>
<testsuite name="com.traveler.feature.map.renderer.PlaybackTimeTrackerSpeedTest" tests="2" skipped="0" failures="0" errors="0" timestamp="2026-08-24T20:16:14" hostname="DESKTOP-KCRJAHI" time="0.005">
  <properties/>
  <testcase name="playbackSpeed_acceleratesProgress" classname="com.traveler.feature.map.renderer.PlaybackTimeTrackerSpeedTest" time="0.005"/>
  <testcase name="playbackSpeed_slowMotion_halfSpeed" classname="com.traveler.feature.map.renderer.PlaybackTimeTrackerSpeedTest" time="0.0"/>
  <system-out><![CDATA[]]></system-out>
  <system-err><![CDATA[]]></system-err>
</testsuite>
