<?xml version="1.0" encoding="UTF-8"?>
<testsuite name="com.traveler.core.timeline.ModernTimelinePathGeometryTest" tests="2" skipped="0" failures="0" errors="0" timestamp="2026-08-24T20:16:06" hostname="DESKTOP-KCRJAHI" time="0.01">
  <properties/>
  <testcase name="timelinePathOnlySegment_createsMovementSegment" classname="com.traveler.core.timeline.ModernTimelinePathGeometryTest" time="0.003"/>
  <testcase name="semanticSegmentWithActivityAndTimelinePath_incorporatesPathIntoSimplifiedPoints" classname="com.traveler.core.timeline.ModernTimelinePathGeometryTest" time="0.006"/>
  <system-out><![CDATA[]]></system-out>
  <system-err><![CDATA[]]></system-err>
</testsuite>
