<?xml version="1.0" encoding="UTF-8"?>
<testsuite name="com.traveler.core.timeline.TimelineParserAdversarialTest" tests="4" skipped="0" failures="0" errors="0" timestamp="2026-08-24T20:16:07" hostname="DESKTOP-KCRJAHI" time="0.012">
  <properties/>
  <testcase name="testMalformedJson_DoesNotCrash" classname="com.traveler.core.timeline.TimelineParserAdversarialTest" time="0.002"/>
  <testcase name="testEmptyJson_ReturnsEmptyResultGracefully" classname="com.traveler.core.timeline.TimelineParserAdversarialTest" time="0.003"/>
  <testcase name="testRawSignalsFormat_ParsedSuccessfully" classname="com.traveler.core.timeline.TimelineParserAdversarialTest" time="0.003"/>
  <testcase name="testUnknownAndUnexpectedFields_AreTolerated" classname="com.traveler.core.timeline.TimelineParserAdversarialTest" time="0.003"/>
  <system-out><![CDATA[]]></system-out>
  <system-err><![CDATA[]]></system-err>
</testsuite>
