<?xml version="1.0" encoding="UTF-8"?>
<testsuite name="com.traveler.feature.map.renderer.VehicleHeadingCalculatorTest" tests="5" skipped="0" failures="0" errors="0" timestamp="2026-08-24T20:16:15" hostname="DESKTOP-KCRJAHI" time="0.011">
  <properties/>
  <testcase name="smoothHeading_clampsMaximumStep" classname="com.traveler.feature.map.renderer.VehicleHeadingCalculatorTest" time="0.0"/>
  <testcase name="straightMovements_calculateCorrectHeadings" classname="com.traveler.feature.map.renderer.VehicleHeadingCalculatorTest" time="0.009"/>
  <testcase name="shortestAngleDeltaDegrees_handlesAntimeridianWrap" classname="com.traveler.feature.map.renderer.VehicleHeadingCalculatorTest" time="0.0"/>
  <testcase name="noisyStraightRoad_lookaheadFiltersJitter" classname="com.traveler.feature.map.renderer.VehicleHeadingCalculatorTest" time="0.002"/>
  <testcase name="repeatedCoordinates_doesNotSpinOrReturnNaN" classname="com.traveler.feature.map.renderer.VehicleHeadingCalculatorTest" time="0.0"/>
  <system-out><![CDATA[]]></system-out>
  <system-err><![CDATA[]]></system-err>
</testsuite>
