<?xml version="1.0" encoding="UTF-8"?>
<testsuite name="com.traveler.core.database.CrossTripDataCorruptionTest" tests="4" skipped="0" failures="0" errors="0" timestamp="2026-08-24T20:15:55" hostname="DESKTOP-KCRJAHI" time="6.404">
  <properties/>
  <testcase name="testImageAndVideoSameCursorId_DoNotCollide" classname="com.traveler.core.database.CrossTripDataCorruptionTest" time="5.555"/>
  <testcase name="testMidnightBoundaryPhoto_PreservesCaptureTimezoneAndLocalDayAcrossRoomPersistence" classname="com.traveler.core.database.CrossTripDataCorruptionTest" time="0.236"/>
  <testcase name="testSharedSourceIds_DoNotCorruptOrEraseAcrossTrips" classname="com.traveler.core.database.CrossTripDataCorruptionTest" time="0.361"/>
  <testcase name="testUserOverride_SurvivesAcrossTripReImportAndMultipleTrips" classname="com.traveler.core.database.CrossTripDataCorruptionTest" time="0.252"/>
  <system-out><![CDATA[]]></system-out>
  <system-err><![CDATA[]]></system-err>
</testsuite>
