<?xml version="1.0" encoding="UTF-8"?>
<testsuite name="com.traveler.core.media.MediaStoreScannerTest" tests="4" skipped="0" failures="0" errors="0" timestamp="2026-08-24T20:16:05" hostname="DESKTOP-KCRJAHI" time="0.0">
  <properties/>
  <testcase name="normalizeDateTakenMs_rejectsPre2000Anomalies" classname="com.traveler.core.media.MediaStoreScannerTest" time="0.0"/>
  <testcase name="normalizeDateTakenMs_handlesMilliseconds" classname="com.traveler.core.media.MediaStoreScannerTest" time="0.0"/>
  <testcase name="normalizeDateTakenMs_rejectsZeroOrNegative" classname="com.traveler.core.media.MediaStoreScannerTest" time="0.0"/>
  <testcase name="normalizeDateTakenMs_convertsSecondsToMilliseconds" classname="com.traveler.core.media.MediaStoreScannerTest" time="0.0"/>
  <system-out><![CDATA[]]></system-out>
  <system-err><![CDATA[]]></system-err>
</testsuite>
