<?xml version="1.0" encoding="UTF-8"?>
<testsuite name="com.traveler.core.media.PhotoMatchingAdversarialTest" tests="2" skipped="0" failures="0" errors="0" timestamp="2026-08-24T20:16:05" hostname="DESKTOP-KCRJAHI" time="0.001">
  <properties/>
  <testcase name="testInFlightPhoto_InterpolatedWithFlightProvenance" classname="com.traveler.core.media.PhotoMatchingAdversarialTest" time="0.001"/>
  <testcase name="testGpsDisagreement_DoesNotAttachPhotoToDistantVisit" classname="com.traveler.core.media.PhotoMatchingAdversarialTest" time="0.0"/>
  <system-out><![CDATA[]]></system-out>
  <system-err><![CDATA[]]></system-err>
</testsuite>
