<?xml version="1.0" encoding="UTF-8"?>
<testsuite name="com.traveler.core.media.MediaAccessCapabilitiesTest" tests="3" skipped="0" failures="0" errors="0" timestamp="2026-08-24T20:16:05" hostname="DESKTOP-KCRJAHI" time="0.005">
  <properties/>
  <testcase name="fullWithLocation_isRecognizedCorrectly" classname="com.traveler.core.media.MediaAccessCapabilitiesTest" time="0.005"/>
  <testcase name="photosOnly_isRecognizedCorrectly" classname="com.traveler.core.media.MediaAccessCapabilitiesTest" time="0.0"/>
  <testcase name="qualifiedFullWithoutLocation_isRecognizedCorrectly" classname="com.traveler.core.media.MediaAccessCapabilitiesTest" time="0.0"/>
  <system-out><![CDATA[]]></system-out>
  <system-err><![CDATA[]]></system-err>
</testsuite>
