<?xml version="1.0" encoding="UTF-8"?>
<testsuite name="com.traveler.feature.trip.TravelDiaryTimePresentationTest" tests="8" skipped="0" failures="0" errors="0" timestamp="2026-08-24T20:16:15" hostname="DESKTOP-KCRJAHI" time="0.009">
  <properties/>
  <testcase name="testPhotoWithNullTimezoneAndAssignedDay_DisplaysAssignedDayAndUnknownZone" classname="com.traveler.feature.trip.TravelDiaryTimePresentationTest" time="0.0"/>
  <testcase name="testCrossTimezoneMovement_LondonToParis" classname="com.traveler.feature.trip.TravelDiaryTimePresentationTest" time="0.004"/>
  <testcase name="testVisitWithNullTimezone_DisplaysUnavailableInsteadOfFakeUtc" classname="com.traveler.feature.trip.TravelDiaryTimePresentationTest" time="0.003"/>
  <testcase name="testTravelDiaryTimeDisplay_UsesTravelLocalTimezone_NotDeviceTimezone" classname="com.traveler.feature.trip.TravelDiaryTimePresentationTest" time="0.0"/>
  <testcase name="testCrossTimezoneMovement_LosAngelesToNewYork" classname="com.traveler.feature.trip.TravelDiaryTimePresentationTest" time="0.001"/>
  <testcase name="testCrossTimezoneMovement_NewYorkToSeoul_PlusOneDay" classname="com.traveler.feature.trip.TravelDiaryTimePresentationTest" time="0.001"/>
  <testcase name="testPhotoWithNullTimezoneAndNullAssignedDay_DisplaysCaptureTimeUncertain" classname="com.traveler.feature.trip.TravelDiaryTimePresentationTest" time="0.0"/>
  <testcase name="testCrossTimezoneMovement_BostonToChicago" classname="com.traveler.feature.trip.TravelDiaryTimePresentationTest" time="0.0"/>
  <system-out><![CDATA[]]></system-out>
  <system-err><![CDATA[]]></system-err>
</testsuite>
