<?xml version="1.0" encoding="UTF-8"?>
<testsuite name="com.traveler.feature.map.audio.TravelSoundtrackPlayerTest" tests="5" skipped="0" failures="0" errors="0" timestamp="2026-08-24T20:16:12" hostname="DESKTOP-KCRJAHI" time="0.502">
  <properties/>
  <testcase name="testInitialState_isEnabledByDefault" classname="com.traveler.feature.map.audio.TravelSoundtrackPlayerTest" time="0.124"/>
  <testcase name="testEnableDisable_controlsPlayback" classname="com.traveler.feature.map.audio.TravelSoundtrackPlayerTest" time="0.047"/>
  <testcase name="testSafeLifecycleCalls" classname="com.traveler.feature.map.audio.TravelSoundtrackPlayerTest" time="0.22"/>
  <testcase name="testVolumeClamping" classname="com.traveler.feature.map.audio.TravelSoundtrackPlayerTest" time="0.06"/>
  <testcase name="testAudioFocusChanges" classname="com.traveler.feature.map.audio.TravelSoundtrackPlayerTest" time="0.051"/>
  <system-out><![CDATA[]]></system-out>
  <system-err><![CDATA[]]></system-err>
</testsuite>
