<?xml version="1.0" encoding="UTF-8"?>
<testsuite name="com.traveler.core.timeline.ParserErrorModelTest" tests="3" skipped="0" failures="0" errors="0" timestamp="2026-08-24T20:16:07" hostname="DESKTOP-KCRJAHI" time="0.009">
  <properties/>
  <testcase name="testTotallyCorruptedInput_ReturnsFatalMalformedInput" classname="com.traveler.core.timeline.ParserErrorModelTest" time="0.002"/>
  <testcase name="testTotallyUnsupportedValidJson_ReturnsFatalUnsupportedFormat" classname="com.traveler.core.timeline.ParserErrorModelTest" time="0.002"/>
  <testcase name="testTruncatedJson_ReturnsPartialWithWarnings_NotSilentSuccess" classname="com.traveler.core.timeline.ParserErrorModelTest" time="0.005"/>
  <system-out><![CDATA[]]></system-out>
  <system-err><![CDATA[]]></system-err>
</testsuite>
