<?xml version="1.0" encoding="UTF-8"?>
<testsuite name="com.traveler.core.media.GpsRouteDistanceCalculationTest" tests="2" skipped="0" failures="0" errors="0" timestamp="2026-08-24T20:16:05" hostname="DESKTOP-KCRJAHI" time="0.006">
  <properties/>
  <testcase name="testTestB_BentRawRoute_CoarseSimplified_PhotoNearRawRoute_MatchesMovement" classname="com.traveler.core.media.GpsRouteDistanceCalculationTest" time="0.005"/>
  <testcase name="testTestA_100KmStraightRoute_PhotoAtQuarterPoint_MatchesMovement" classname="com.traveler.core.media.GpsRouteDistanceCalculationTest" time="0.001"/>
  <system-out><![CDATA[]]></system-out>
  <system-err><![CDATA[]]></system-err>
</testsuite>
