<?xml version="1.0" encoding="UTF-8"?>
<testsuite name="com.traveler.core.timeline.VisitCandidateCanonicalizerTest" tests="4" skipped="0" failures="0" errors="0" timestamp="2026-08-24T20:16:07" hostname="DESKTOP-KCRJAHI" time="0.001">
  <properties/>
  <testcase name="testCase1_nestedDwell_mergesToOneCanonicalVisit" classname="com.traveler.core.timeline.VisitCandidateCanonicalizerTest" time="0.0"/>
  <testcase name="testCase3_overlappingVisits20kmApart_resolvedWithoutDoubleDwell" classname="com.traveler.core.timeline.VisitCandidateCanonicalizerTest" time="0.0"/>
  <testcase name="testCase2_overnightStayWithShortCandidate_mergesToOneOvernightVisit" classname="com.traveler.core.timeline.VisitCandidateCanonicalizerTest" time="0.001"/>
  <testcase name="testCase4_sequentialNonOverlappingVisits_preservesBoth" classname="com.traveler.core.timeline.VisitCandidateCanonicalizerTest" time="0.0"/>
  <system-out><![CDATA[]]></system-out>
  <system-err><![CDATA[]]></system-err>
</testsuite>
