<?xml version="1.0" encoding="UTF-8"?>
<testsuite name="com.traveler.core.common.geo.GeodesicUtilsTest" tests="4" skipped="0" failures="0" errors="0" timestamp="2026-08-24T20:15:50" hostname="DESKTOP-KCRJAHI" time="0.029">
  <properties/>
  <testcase name="testHaversineDistance_NewYorkToBoston" classname="com.traveler.core.common.geo.GeodesicUtilsTest" time="0.003"/>
  <testcase name="testInitialBearing" classname="com.traveler.core.common.geo.GeodesicUtilsTest" time="0.0"/>
  <testcase name="testDouglasPeucker_SimplifiesCollinearPoints" classname="com.traveler.core.common.geo.GeodesicUtilsTest" time="0.024"/>
  <testcase name="testSLERPInterpolation_Midpoint" classname="com.traveler.core.common.geo.GeodesicUtilsTest" time="0.0"/>
  <system-out><![CDATA[]]></system-out>
  <system-err><![CDATA[]]></system-err>
</testsuite>
