<?xml version="1.0" encoding="UTF-8"?>
<testsuite name="com.traveler.core.common.geo.OfflineCityResolverTest" tests="4" skipped="0" failures="0" errors="0" timestamp="2026-08-24T20:15:50" hostname="DESKTOP-KCRJAHI" time="0.017">
  <properties/>
  <testcase name="getEffectivePlaceName_replacesNullInOceanWithUnlabeledStop" classname="com.traveler.core.common.geo.OfflineCityResolverTest" time="0.004"/>
  <testcase name="getEffectivePlaceName_preservesValidPlaceName" classname="com.traveler.core.common.geo.OfflineCityResolverTest" time="0.011"/>
  <testcase name="getEffectivePlaceName_replacesUnknownWithNearestCity" classname="com.traveler.core.common.geo.OfflineCityResolverTest" time="0.001"/>
  <testcase name="resolveNearestCity_findsBostonForCambridgeCoordinates" classname="com.traveler.core.common.geo.OfflineCityResolverTest" time="0.001"/>
  <system-out><![CDATA[]]></system-out>
  <system-err><![CDATA[]]></system-err>
</testsuite>
