<?xml version="1.0" encoding="UTF-8"?>
<testsuite name="com.traveler.feature.map.renderer.PlaybackTimeTrackerTest" tests="5" skipped="0" failures="0" errors="0" timestamp="2026-08-24T20:16:14" hostname="DESKTOP-KCRJAHI" time="0.003">
  <properties/>
  <testcase name="test200MsFrameStall_ProgressCatchesUpWithoutStretchingTotalStoryTime" classname="com.traveler.feature.map.renderer.PlaybackTimeTrackerTest" time="0.002"/>
  <testcase name="testPauseAndResume_DoesNotJumpForwardDuringPausedInterval" classname="com.traveler.feature.map.renderer.PlaybackTimeTrackerTest" time="0.0"/>
  <testcase name="test30FpsProgression_ReachesCompletionAtExactTargetDuration" classname="com.traveler.feature.map.renderer.PlaybackTimeTrackerTest" time="0.0"/>
  <testcase name="testSeekTo_UpdatesProgressAndPreservesPlaybackState" classname="com.traveler.feature.map.renderer.PlaybackTimeTrackerTest" time="0.0"/>
  <testcase name="test60FpsProgression_ReachesCompletionAtExactTargetDuration" classname="com.traveler.feature.map.renderer.PlaybackTimeTrackerTest" time="0.001"/>
  <system-out><![CDATA[]]></system-out>
  <system-err><![CDATA[]]></system-err>
</testsuite>
