<?xml version="1.0" encoding="UTF-8"?>
<testsuite name="com.traveler.core.common.geo.SphericalGreatCircleTest" tests="2" skipped="0" failures="0" errors="0" timestamp="2026-08-24T20:15:50" hostname="DESKTOP-KCRJAHI" time="0.002">
  <properties/>
  <testcase name="tokyoToSanFrancisco_crossesAntimeridianCorrectly" classname="com.traveler.core.common.geo.SphericalGreatCircleTest" time="0.001"/>
  <testcase name="newYorkToSeoul_geodesicArcRisesToHighNorthernLatitude" classname="com.traveler.core.common.geo.SphericalGreatCircleTest" time="0.001"/>
  <system-out><![CDATA[]]></system-out>
  <system-err><![CDATA[]]></system-err>
</testsuite>
