<?xml version="1.0" encoding="UTF-8"?>
<testsuite name="com.traveler.feature.map.renderer.TravelMapRendererTest" tests="2" skipped="0" failures="0" errors="0" timestamp="2026-08-24T20:16:15" hostname="DESKTOP-KCRJAHI" time="0.18">
  <properties/>
  <testcase name="testCinematicPlaybackProgression_DeterministicFrames" classname="com.traveler.feature.map.renderer.TravelMapRendererTest" time="0.117"/>
  <testcase name="testStaticMapRendering_ProducesNonEmptyCanvas" classname="com.traveler.feature.map.renderer.TravelMapRendererTest" time="0.063"/>
  <system-out><![CDATA[]]></system-out>
  <system-err><![CDATA[]]></system-err>
</testsuite>
