<?xml version="1.0" encoding="UTF-8"?>
<testsuite name="com.traveler.feature.map.renderer.GlobalMapRenderingEvidenceTest" tests="2" skipped="0" failures="0" errors="0" timestamp="2026-08-24T20:16:13" hostname="DESKTOP-KCRJAHI" time="0.175">
  <properties/>
  <testcase name="testNySeoulGreatCircleGeometry_ComputesValidRenderModel" classname="com.traveler.feature.map.renderer.GlobalMapRenderingEvidenceTest" time="0.115"/>
  <testcase name="testTokyoSanFranciscoAntimeridian_ComputesShortSpanGeometry" classname="com.traveler.feature.map.renderer.GlobalMapRenderingEvidenceTest" time="0.059"/>
  <system-out><![CDATA[]]></system-out>
  <system-err><![CDATA[]]></system-err>
</testsuite>
