<?xml version="1.0" encoding="UTF-8"?>
<testsuite name="com.traveler.core.timeline.MovementTimelineCanonicalizerTest" tests="12" skipped="0" failures="0" errors="0" timestamp="2026-08-24T20:16:07" hostname="DESKTOP-KCRJAHI" time="0.023">
  <properties/>
  <testcase name="testCaseJ_infeasibleTransition_isStrictlyRejected" classname="com.traveler.core.timeline.MovementTimelineCanonicalizerTest" time="0.007"/>
  <testcase name="testCaseC_pointAtTimestamp_accurateInterpolation" classname="com.traveler.core.timeline.MovementTimelineCanonicalizerTest" time="0.0"/>
  <testcase name="testCaseI_rawPointSliceBoundaries_synthesizesExactBoundaryPoints" classname="com.traveler.core.timeline.MovementTimelineCanonicalizerTest" time="0.004"/>
  <testcase name="testCaseB_nestedHighQualitySegment_spatiallyAligned_safelyReplacesOrSplits" classname="com.traveler.core.timeline.MovementTimelineCanonicalizerTest" time="0.001"/>
  <testcase name="testCaseD_greedyTrap_globalViterbiAvoidsOscillation" classname="com.traveler.core.timeline.MovementTimelineCanonicalizerTest" time="0.0"/>
  <testcase name="testPass202_caseA_sourceGap_classifiedAsSourceTimelineGap_succeeds" classname="com.traveler.core.timeline.MovementTimelineCanonicalizerTest" time="0.009"/>
  <testcase name="testCaseG_canonicalizationIdempotence" classname="com.traveler.core.timeline.MovementTimelineCanonicalizerTest" time="0.0"/>
  <testcase name="testPass202_caseB_canonicalizerIntroducedJump_repairedDeterministically" classname="com.traveler.core.timeline.MovementTimelineCanonicalizerTest" time="0.0"/>
  <testcase name="testCaseE_threeCandidateOverlap_resolvesGloballyCoherent" classname="com.traveler.core.timeline.MovementTimelineCanonicalizerTest" time="0.0"/>
  <testcase name="testCaseF_slicePolylineByFraction_preservesIntermediateVertices" classname="com.traveler.core.timeline.MovementTimelineCanonicalizerTest" time="0.0"/>
  <testcase name="testCaseH_halfOpenInterval_neverMoreThanOneActiveSegmentAtBoundary" classname="com.traveler.core.timeline.MovementTimelineCanonicalizerTest" time="0.0"/>
  <testcase name="testCaseA_sameModeNestedIncompatibleRoute_preventsDiscontinuousSwitching" classname="com.traveler.core.timeline.MovementTimelineCanonicalizerTest" time="0.001"/>
  <system-out><![CDATA[]]></system-out>
  <system-err><![CDATA[]]></system-err>
</testsuite>
