<?xml version="1.0" encoding="UTF-8"?>
<testsuite name="com.traveler.core.common.geo.WebMercatorTest" tests="6" skipped="0" failures="0" errors="0" timestamp="2026-08-24T20:15:50" hostname="DESKTOP-KCRJAHI" time="0.009">
  <properties/>
  <testcase name="testAntimeridianUnwrap_TokyoToSanFrancisco" classname="com.traveler.core.common.geo.WebMercatorTest" time="0.001"/>
  <testcase name="testAntimeridianUnwrap_179EastTo179West" classname="com.traveler.core.common.geo.WebMercatorTest" time="0.0"/>
  <testcase name="testProjectionAndUnprojection_GlobalCities" classname="com.traveler.core.common.geo.WebMercatorTest" time="0.007"/>
  <testcase name="testProjectionAndUnprojection_EquatorAndMeridian" classname="com.traveler.core.common.geo.WebMercatorTest" time="0.0"/>
  <testcase name="testAntimeridianUnwrap_AucklandToHonolulu" classname="com.traveler.core.common.geo.WebMercatorTest" time="0.0"/>
  <testcase name="testGreatCirclePathGeneration_AntimeridianCrossing" classname="com.traveler.core.common.geo.WebMercatorTest" time="0.0"/>
  <system-out><![CDATA[]]></system-out>
  <system-err><![CDATA[]]></system-err>
</testsuite>
