<?xml version="1.0" encoding="UTF-8"?>
<testsuite name="com.traveler.core.media.RepresentativeMediaSelectorTest" tests="3" skipped="0" failures="0" errors="0" timestamp="2026-08-24T20:16:05" hostname="DESKTOP-KCRJAHI" time="0.011">
  <properties/>
  <testcase name="scorePhoto_prioritizesUserOverrideAndGps" classname="com.traveler.core.media.RepresentativeMediaSelectorTest" time="0.004"/>
  <testcase name="collapseBursts_groupsNearbyPhotosWithinOneMinute" classname="com.traveler.core.media.RepresentativeMediaSelectorTest" time="0.002"/>
  <testcase name="select_returnsHeroAndThumbnailsWithAccurateExtraCount" classname="com.traveler.core.media.RepresentativeMediaSelectorTest" time="0.005"/>
  <system-out><![CDATA[]]></system-out>
  <system-err><![CDATA[]]></system-err>
</testsuite>
