<?xml version="1.0" encoding="UTF-8"?>
<testsuite name="com.traveler.core.media.DestinationAwarePhotoStoryTest" tests="4" skipped="0" failures="0" errors="0" timestamp="2026-08-24T20:16:05" hostname="DESKTOP-KCRJAHI" time="0.033">
  <properties/>
  <testcase name="testNiagaraFallsReceivesRepresentativeCoverage" classname="com.traveler.core.media.DestinationAwarePhotoStoryTest" time="0.016"/>
  <testcase name="testAnchorExclusionReasons" classname="com.traveler.core.media.DestinationAwarePhotoStoryTest" time="0.002"/>
  <testcase name="testMassiveVisitPhotoBudgetBounded" classname="com.traveler.core.media.DestinationAwarePhotoStoryTest" time="0.013"/>
  <testcase name="testDiversityBeforeExtraPhotos" classname="com.traveler.core.media.DestinationAwarePhotoStoryTest" time="0.002"/>
  <system-out><![CDATA[]]></system-out>
  <system-err><![CDATA[]]></system-err>
</testsuite>
