<?xml version="1.0" encoding="UTF-8"?>
<testsuite name="com.traveler.core.classifier.TransportClassifierTest" tests="6" skipped="0" failures="0" errors="0" timestamp="2026-08-24T20:15:50" hostname="DESKTOP-KCRJAHI" time="0.017">
  <properties/>
  <testcase name="testWalkingClassification" classname="com.traveler.core.classifier.TransportClassifierTest" time="0.009"/>
  <testcase name="testSemanticPriority_OverridesHeuristicsWhenHighConfidence" classname="com.traveler.core.classifier.TransportClassifierTest" time="0.0"/>
  <testcase name="testCyclingClassification" classname="com.traveler.core.classifier.TransportClassifierTest" time="0.004"/>
  <testcase name="testCarHighwayClassification" classname="com.traveler.core.classifier.TransportClassifierTest" time="0.0"/>
  <testcase name="testFlightClassification_LongDisplacementAndGpsGap" classname="com.traveler.core.classifier.TransportClassifierTest" time="0.001"/>
  <testcase name="testRunningClassification" classname="com.traveler.core.classifier.TransportClassifierTest" time="0.001"/>
  <system-out><![CDATA[]]></system-out>
  <system-err><![CDATA[]]></system-err>
</testsuite>
