<?xml version="1.0" encoding="UTF-8"?>
<testsuite name="com.traveler.feature.map.story.Pass21AlignmentRegressionTest" tests="4" skipped="0" failures="0" errors="0" timestamp="2026-08-24T20:16:15" hostname="DESKTOP-KCRJAHI" time="0.015">
  <properties/>
  <testcase name="testSameStoryTimelineProof" classname="com.traveler.feature.map.story.Pass21AlignmentRegressionTest" time="0.001"/>
  <testcase name="testRouteMarkerNeverMutatedByPhotoGps" classname="com.traveler.feature.map.story.Pass21AlignmentRegressionTest" time="0.001"/>
  <testcase name="testLargePhotoVisitPlaybackBudgetBounded" classname="com.traveler.feature.map.story.Pass21AlignmentRegressionTest" time="0.012"/>
  <testcase name="testMultipleRepresentativeMomentsInLongVisit" classname="com.traveler.feature.map.story.Pass21AlignmentRegressionTest" time="0.001"/>
  <system-out><![CDATA[]]></system-out>
  <system-err><![CDATA[]]></system-err>
</testsuite>
